[01-Nov-2019 19:27:52 UTC] PHP Notice:  Undefined variable: stat in /srv/http/src/db/db.php on line 462
[01-Nov-2019 19:28:32 UTC] PHP Recoverable fatal error:  Object of class PDOStatement could not be converted to string in /srv/http/src/db/db.php on line 118
[01-Nov-2019 19:32:35 UTC] PHP Parse error:  syntax error, unexpected end of file in /tmp/atom_script_tempfiles/5b1b5d10-fcde-11e9-8180-575c0abca214 on line 30
[01-Nov-2019 19:39:52 UTC] PHP Fatal error:  Uncaught PDOException: SQLSTATE[HY000] [1049] Unknown database 'SWwB' in /srv/http/src/db/db.php:15
Stack trace:
#0 /srv/http/src/db/db.php(15): PDO->__construct('mysql:host=loca...', 'root', 'simonka13', Array)
#1 /srv/http/src/db/db.php(460): hwdb->__construct()
#2 {main}
  thrown in /srv/http/src/db/db.php on line 15
[01-Nov-2019 19:44:45 UTC] PHP Fatal error:  Uncaught PDOException: SQLSTATE[HY000] [1045] Access denied for user 'rodot'@'localhost' (using password: YES) in /srv/http/src/db/db.php:15
Stack trace:
#0 /srv/http/src/db/db.php(15): PDO->__construct('mysql:host=loca...', 'rodot', 'simodnka13', Array)
#1 /srv/http/src/db/db.php(460): hwdb->__construct()
#2 {main}
  thrown in /srv/http/src/db/db.php on line 15
[01-Nov-2019 19:44:56 UTC] PHP Fatal error:  Uncaught PDOException: SQLSTATE[HY000] [1045] Access denied for user 'rodot'@'localhost' (using password: YES) in /srv/http/src/db/db.php:15
Stack trace:
#0 /srv/http/src/db/db.php(15): PDO->__construct('mysql:host=loca...', 'rodot', 'simodnka13', Array)
#1 /srv/http/src/db/db.php(460): hwdb->__construct()
#2 {main}
  thrown in /srv/http/src/db/db.php on line 15
[01-Nov-2019 19:45:14 UTC] PHP Fatal error:  Uncaught PDOException: SQLSTATE[HY000] [1045] Access denied for user 'remote'@'localhost' (using password: YES) in /srv/http/src/db/db.php:15
Stack trace:
#0 /srv/http/src/db/db.php(15): PDO->__construct('mysql:host=loca...', 'remote', 'remote', Array)
#1 /srv/http/src/db/db.php(460): hwdb->__construct()
#2 {main}
  thrown in /srv/http/src/db/db.php on line 15
[01-Nov-2019 19:47:38 UTC] PHP Parse error:  syntax error, unexpected '}', expecting end of file in /srv/http/src/db/db.php on line 454
[01-Nov-2019 19:52:28 UTC] PHP Warning:  count(): Parameter must be an array or an object that implements Countable in /srv/http/src/db/db.php on line 384
[01-Nov-2019 19:52:28 UTC] PHP Warning:  PDOStatement::execute() expects parameter 1 to be array, string given in /srv/http/src/db/db.php on line 25
[25-Nov-2019 18:13:30 UTC] PHP Notice:  Undefined offset: 0 in /srv/http/src/db/db.php on line 197
[25-Nov-2019 18:15:00 UTC] PHP Notice:  Undefined offset: 0 in /srv/http/src/db/db.php on line 197
[25-Nov-2019 18:15:00 UTC] PHP Notice:  Undefined offset: 0 in /srv/http/src/db/db.php on line 197
[25-Nov-2019 18:15:00 UTC] PHP Notice:  Undefined offset: 0 in /srv/http/src/db/db.php on line 197
[25-Nov-2019 18:15:01 UTC] PHP Notice:  Undefined offset: 0 in /srv/http/src/db/db.php on line 197
[25-Nov-2019 18:15:01 UTC] PHP Notice:  Undefined offset: 0 in /srv/http/src/db/db.php on line 197
[25-Nov-2019 18:15:01 UTC] PHP Notice:  Undefined offset: 0 in /srv/http/src/db/db.php on line 197
[25-Nov-2019 18:15:02 UTC] PHP Notice:  Undefined offset: 0 in /srv/http/src/db/db.php on line 197
[25-Nov-2019 18:15:02 UTC] PHP Notice:  Undefined offset: 0 in /srv/http/src/db/db.php on line 197
[25-Nov-2019 18:15:02 UTC] PHP Notice:  Undefined offset: 0 in /srv/http/src/db/db.php on line 197
[25-Nov-2019 18:15:25 UTC] PHP Notice:  Undefined offset: 0 in /srv/http/src/db/db.php on line 197
[25-Nov-2019 18:19:26 UTC] PHP Notice:  Undefined offset: 0 in /srv/http/src/db/db.php on line 197
[25-Nov-2019 18:19:26 UTC] PHP Notice:  Undefined offset: 0 in /srv/http/src/db/db.php on line 197
[25-Nov-2019 18:19:26 UTC] PHP Notice:  Undefined offset: 0 in /srv/http/src/db/db.php on line 197
[25-Nov-2019 18:19:37 UTC] PHP Notice:  Undefined offset: 0 in /srv/http/src/db/db.php on line 197
[25-Nov-2019 18:19:37 UTC] PHP Notice:  Undefined offset: 0 in /srv/http/src/db/db.php on line 197
[25-Nov-2019 18:19:37 UTC] PHP Notice:  Undefined offset: 0 in /srv/http/src/db/db.php on line 197
[25-Nov-2019 18:20:15 UTC] PHP Notice:  Undefined offset: 0 in /srv/http/src/db/db.php on line 197
[25-Nov-2019 18:20:15 UTC] PHP Notice:  Undefined offset: 0 in /srv/http/src/db/db.php on line 197
[25-Nov-2019 18:20:15 UTC] PHP Notice:  Undefined offset: 0 in /srv/http/src/db/db.php on line 197
[25-Nov-2019 18:20:38 UTC] PHP Notice:  Undefined offset: 0 in /srv/http/src/db/db.php on line 196
[25-Nov-2019 18:20:38 UTC] PHP Notice:  Undefined offset: 0 in /srv/http/src/db/db.php on line 196
[25-Nov-2019 18:20:38 UTC] PHP Notice:  Undefined offset: 0 in /srv/http/src/db/db.php on line 196
